
======================================================================
  SHARED SETUP — Data Loading + Feature Engineering  [14:06:58]
======================================================================
[14:06:58] Loading data...
[14:06:58] Computing Elo K=48...
[14:06:58] Career stats...
[14:06:59] QA stats...
[14:07:00] Building fight DataFrame + merging all stats...
  Fights: 4,589  train=3629  test=960
  Train aug: 7,258  Test: 960  Feats: 129
[14:07:00] Recomputing baseline LR+XGB (for SHAP)...
  Baseline: 72.9167%  (stored: 72.5000%)
[14:07:01] SHAP top-60 features...
  Top 15 features:
     1. SApM_dif                           : 0.29135
     2. SLpM_dif                           : 0.26796
     3. age_dif                            : 0.15986
     4. B_Str_Acc                          : 0.13489
     5. R_Str_Acc                          : 0.11767
     6. R_SLpM                             : 0.10104
     7. B_Sub_Avg                          : 0.10033
     8. R_Sub_Avg                          : 0.09651
     9. B_SLpM                             : 0.09399
    10. TD_Def_dif                         : 0.08902
    11. qa_win_rate_dif                    : 0.08585
    12. B_TD_Acc                           : 0.08073
    13. R_TD_Acc                           : 0.07833
    14. elo_dif                            : 0.07494
    15. sig_str_dif                        : 0.07444
  Using Top60 features (60 feats) for Exp 3-5

======================================================================
  EXPERIMENT 3 — LR-Only Baseline (Top60 features)  [14:07:01]
======================================================================
[14:07:01] Weighted CV over C=[0.001, 0.01, 0.1, 1.0, 10.0] on 60 features...
  C=0.001 : CV=0.6509 ± 0.0155
  C=0.01  : CV=0.6555 ± 0.0194
  C=0.1   : CV=0.6553 ± 0.0227
  C=1.0   : CV=0.6571 ± 0.0235
  C=10.0  : CV=0.6572 ± 0.0221

  Best C=10.0  CV=0.6572
  LR-only: 71.2500%  vs baseline: -1.250pp

  ┌────────────────────────────────────────────────────────────────┐
  │  Experiment : EXP3: LR-Only C=10.0, Top60                     │
  │  Features   : 60                                              │
  │  Rating sys : Elo K=48                                        │
  │  Test acc   : 71.2500%                                        │
  │  Log-loss   : 0.556988                                             │
  │  Brier      : 0.189882                                             │
  │  Note       : vs baseline: -1.250pp                           │
  └────────────────────────────────────────────────────────────────┘

======================================================================
  EXPERIMENT 4 — Alternative Ensemble Members  [14:07:02]
======================================================================

[14:07:02] LightGBM default...
  LightGBM Default: 68.7500%  vs baseline: -3.750pp

  ┌────────────────────────────────────────────────────────────────┐
  │  Experiment : EXP4: LightGBM Default                          │
  │  Features   : 60                                              │
  │  Rating sys : Elo K=48                                        │
  │  Test acc   : 68.7500%                                        │
  │  Log-loss   : 0.585927                                             │
  │  Brier      : 0.200396                                             │
  │  Note       : Default                                         │
  └────────────────────────────────────────────────────────────────┘
[14:07:02] LightGBM Optuna (30 trials)...
  LightGBM Optuna: 69.3750%  vs baseline: -3.125pp

  ┌────────────────────────────────────────────────────────────────┐
  │  Experiment : EXP4: LightGBM Optuna                           │
  │  Features   : 60                                              │
  │  Rating sys : Elo K=48                                        │
  │  Test acc   : 69.3750%                                        │
  │  Log-loss   : 0.573304                                             │
  │  Brier      : 0.195832                                             │
  │  Note       : Best CV=0.6575                                  │
  └────────────────────────────────────────────────────────────────┘
[14:07:51] CatBoost default...
  CatBoost Default: 70.0000%  vs baseline: -2.500pp

  ┌────────────────────────────────────────────────────────────────┐
  │  Experiment : EXP4: CatBoost Default                          │
  │  Features   : 60                                              │
  │  Rating sys : Elo K=48                                        │
  │  Test acc   : 70.0000%                                        │
  │  Log-loss   : 0.574177                                             │
  │  Brier      : 0.195380                                             │
  │  Note       : Default                                         │
  └────────────────────────────────────────────────────────────────┘
[14:07:57] CatBoost Optuna (30 trials)...
  CatBoost Optuna: 70.9375%  vs baseline: -1.562pp

  ┌────────────────────────────────────────────────────────────────┐
  │  Experiment : EXP4: CatBoost Optuna                           │
  │  Features   : 60                                              │
  │  Rating sys : Elo K=48                                        │
  │  Test acc   : 70.9375%                                        │
  │  Log-loss   : 0.568990                                             │
  │  Brier      : 0.194198                                             │
  │  Note       : Best CV=0.6540                                  │
  └────────────────────────────────────────────────────────────────┘
[14:15:11] Random Forest default...
  Random Forest Default: 70.3125%  vs baseline: -2.187pp

  ┌────────────────────────────────────────────────────────────────┐
  │  Experiment : EXP4: Random Forest Default                     │
  │  Features   : 60                                              │
  │  Rating sys : Elo K=48                                        │
  │  Test acc   : 70.3125%                                        │
  │  Log-loss   : 0.594632                                             │
  │  Brier      : 0.203449                                             │
  │  Note       : Default                                         │
  └────────────────────────────────────────────────────────────────┘
[14:15:15] Random Forest Optuna (30 trials)...
  Random Forest Optuna: 70.5208%  vs baseline: -1.979pp

  ┌────────────────────────────────────────────────────────────────┐
  │  Experiment : EXP4: Random Forest Optuna                      │
  │  Features   : 60                                              │
  │  Rating sys : Elo K=48                                        │
  │  Test acc   : 70.5208%                                        │
  │  Log-loss   : 0.586490                                             │
  │  Brier      : 0.200133                                             │
  │  Note       : Best CV=0.6522                                  │
  └────────────────────────────────────────────────────────────────┘
[14:39:48] SVM RBF (2000-sample subset)...
  SVM C=0.1 g=scale: CV=0.5710
  SVM C=1.0 g=scale: CV=0.6530
  SVM C=10.0 g=scale: CV=0.6455
  SVM C=1.0 g=0.001: CV=0.6530
  SVM: 71.8750%

  ┌────────────────────────────────────────────────────────────────┐
  │  Experiment : EXP4: SVM RBF (best params)                     │
  │  Features   : 60                                              │
  │  Rating sys : Elo K=48                                        │
  │  Test acc   : 71.8750%                                        │
  │  Log-loss   : 0.572838                                             │
  │  Brier      : 0.194059                                             │
  │  Note       : 2000-sample subset train                        │
  └────────────────────────────────────────────────────────────────┘

  Top-2 for stacking: ['cat_opt', 'rf_opt']

======================================================================
  EXPERIMENT 5 — Stacking with Meta-Learner  [14:39:55]
======================================================================
[14:39:55] OOF for stacking base models: ['lr_exp3', 'cat_opt', 'rf_opt']
  OOF [1/3] lr_exp3...
  OOF [2/3] cat_opt...
  OOF [3/3] rf_opt...
  Stack: 72.6042%  meta coefs: {'lr_exp3': np.float64(2.288), 'cat_opt': np.float64(1.569), 'rf_opt': np.float64(0.81)}

  ┌────────────────────────────────────────────────────────────────┐
  │  Experiment : EXP5: Stacking (lr_exp3+cat_opt+rf_opt)         │
  │  Features   : 60                                              │
  │  Rating sys : Elo K=48                                        │
  │  Test acc   : 72.6042%                                        │
  │  Log-loss   : 0.562019                                             │
  │  Brier      : 0.190219                                             │
  │  Note       : vs baseline: +0.104pp                           │
  └────────────────────────────────────────────────────────────────┘

======================================================================
  EXPERIMENT 6 — Best Architecture + G2-Domain Combined  [14:41:56]
======================================================================

  Best Exp3-5 architecture: Stacking  acc=72.6042%
[14:41:56] Computing Glicko-2 domain ratings...
Traceback (most recent call last):
  File "/opt/anaconda3/lib/python3.13/site-packages/pandas/core/indexes/base.py", line 3805, in get_loc
    return self._engine.get_loc(casted_key)
           ~~~~~~~~~~~~~~~~~~~~^^^^^^^^^^^^
  File "index.pyx", line 167, in pandas._libs.index.IndexEngine.get_loc
  File "index.pyx", line 191, in pandas._libs.index.IndexEngine.get_loc
  File "index.pyx", line 234, in pandas._libs.index.IndexEngine._get_loc_duplicates
  File "index.pyx", line 242, in pandas._libs.index.IndexEngine._maybe_get_bool_indexer
  File "index.pyx", line 134, in pandas._libs.index._unpack_bool_indexer
KeyError: 'R_g2_r'

The above exception was the direct cause of the following exception:

Traceback (most recent call last):
  File "/Users/allenthompson/Desktop/ufc-predictor/experiments/research/architecture_sprint_v3.py", line 638, in <module>
    df_g6=merge_g2_col(df_g6,g2_std.rename(columns={'g2_rd':'g2_r'}) if 'g2_rd' in g2_std.columns
                       else g2_std,'R_g2_r','B_g2_r','g2_r_dif')  # already done
  File "/Users/allenthompson/Desktop/ufc-predictor/experiments/research/architecture_sprint_v3.py", line 632, in merge_g2_col
    out[r_col]=out[r_col].fillna(fill); out[b_col]=out[b_col].fillna(fill)
               ~~~^^^^^^^
  File "/opt/anaconda3/lib/python3.13/site-packages/pandas/core/frame.py", line 4102, in __getitem__
    indexer = self.columns.get_loc(key)
  File "/opt/anaconda3/lib/python3.13/site-packages/pandas/core/indexes/base.py", line 3812, in get_loc
    raise KeyError(key) from err
KeyError: 'R_g2_r'
